This file contains any messages produced by compilers while
running configure, to aid debugging if configure makes a mistake.

It was created by shapelib configure 1.5.0, which was
generated by GNU Autoconf 2.69.  Invocation command line was

  $ ./configure 

## --------- ##
## Platform. ##
## --------- ##

hostname = iPro-von-test.obcsystems.de
uname -m = x86_64
uname -r = 21.2.0
uname -s = Darwin
uname -v = Darwin Kernel Version 21.2.0: Sun Nov 28 20:28:54 PST 2021; root:xnu-8019.61.5~1/RELEASE_X86_64

/usr/bin/uname -p = i386
/bin/uname -X     = unknown

/bin/arch              = unknown
/usr/bin/arch -k       = unknown
/usr/convex/getsysinfo = unknown
/usr/bin/hostinfo      = Mach kernel version:
	 Darwin Kernel Version 21.2.0: Sun Nov 28 20:28:54 PST 2021; root:xnu-8019.61.5~1/RELEASE_X86_64
Kernel configured for up to 8 processors.
4 processors are physically available.
8 processors are logically available.
Processor type: x86_64h (Intel x86-64h Haswell)
Processors active: 0 1 2 3 4 5 6 7
Primary memory available: 32.00 gigabytes
Default processor set: 663 tasks, 2809 threads, 8 processors
Load average: 2.44, Mach factor: 5.54
/bin/machine           = unknown
/usr/bin/oslevel       = unknown
/bin/universe          = unknown

PATH: /usr/local/opt/qt/bin
PATH: /usr/local/opt/python@3.8/bin
PATH: /usr/local/opt/hdf5@1.10/bin
PATH: /usr/local/opt/node@10/bin
PATH: /Library/Java/JavaVirtualMachines/adoptopenjdk-15.jdk/Contents/Home/bin
PATH: /usr/local/opt/icu4c/sbin
PATH: /Volumes/Data/Users/olf/bin
PATH: /usr/local/opt/inetutils/libexec/gnubin
PATH: /usr/local/bin
PATH: /usr/bin
PATH: /bin
PATH: /usr/sbin
PATH: /sbin
PATH: /usr/local/MacGPG2/bin
PATH: /Applications/Little Snitch.app/Contents/Components
PATH: /opt/X11/bin
PATH: /Library/Apple/usr/bin
PATH: .
PATH: /opt/nrfjprog
PATH: /Volumes/Data/Users/olf/.local/bin
PATH: /opt/local/bin
PATH: /Applications/microchip/xc8/v1.33/bin
PATH: /Applications/microchip/xc8/v1.35/bin
PATH: /usr/local/gcc-arm-none-eabi/bin
PATH: /Volumes/Data/Users/olf/esp/xtensa-esp32-elf/bin


## ----------- ##
## Core tests. ##
## ----------- ##

configure:2318: checking for a BSD-compatible install
configure:2386: result: /usr/bin/install -c
configure:2397: checking whether build environment is sane
configure:2452: result: yes
configure:2603: checking for a thread-safe mkdir -p
configure:2642: result: ./install-sh -c -d
configure:2649: checking for gawk
configure:2679: result: no
configure:2649: checking for mawk
configure:2679: result: no
configure:2649: checking for nawk
configure:2679: result: no
configure:2649: checking for awk
configure:2665: found /usr/bin/awk
configure:2676: result: awk
configure:2687: checking whether make sets $(MAKE)
configure:2709: result: yes
configure:2738: checking whether make supports nested variables
configure:2755: result: yes
configure:2893: checking whether make supports nested variables
configure:2910: result: yes
configure:2934: checking for style of include used by make
configure:2962: result: GNU
configure:3033: checking for gcc
configure:3049: found /usr/bin/gcc
configure:3060: result: gcc
configure:3289: checking for C compiler version
configure:3298: gcc --version >&5
Apple clang version 13.0.0 (clang-1300.0.29.30)
Target: x86_64-apple-darwin21.2.0
Thread model: posix
InstalledDir: /Applications/Xcode.app/Contents/Developer/Toolchains/XcodeDefault.xctoolchain/usr/bin
Configured with: --prefix=/Applications/Xcode.app/Contents/Developer/usr --with-gxx-include-dir=/Applications/Xcode.app/Contents/Developer/Platforms/MacOSX.platform/Developer/SDKs/MacOSX.sdk/usr/include/c++/4.2.1
configure:3309: $? = 0
configure:3298: gcc -v >&5
Configured with: --prefix=/Applications/Xcode.app/Contents/Developer/usr --with-gxx-include-dir=/Applications/Xcode.app/Contents/Developer/Platforms/MacOSX.platform/Developer/SDKs/MacOSX.sdk/usr/include/c++/4.2.1
Apple clang version 13.0.0 (clang-1300.0.29.30)
Target: x86_64-apple-darwin21.2.0
Thread model: posix
InstalledDir: /Applications/Xcode.app/Contents/Developer/Toolchains/XcodeDefault.xctoolchain/usr/bin
configure:3309: $? = 0
configure:3298: gcc -V >&5
clang: error: argument to '-V' is missing (expected 1 value)
clang: error: no input files
configure:3309: $? = 1
configure:3298: gcc -qversion >&5
clang: error: unknown argument '-qversion'; did you mean '--version'?
clang: error: no input files
configure:3309: $? = 1
configure:3329: checking whether the C compiler works
configure:3351: gcc    conftest.c  >&5
configure:3355: $? = 0
configure:3403: result: yes
configure:3406: checking for C compiler default output file name
configure:3408: result: a.out
configure:3414: checking for suffix of executables
configure:3421: gcc -o conftest    conftest.c  >&5
configure:3425: $? = 0
configure:3447: result: 
configure:3469: checking whether we are cross compiling
configure:3477: gcc -o conftest    conftest.c  >&5
configure:3481: $? = 0
configure:3488: ./conftest
configure:3492: $? = 0
configure:3507: result: no
configure:3512: checking for suffix of object files
configure:3534: gcc -c   conftest.c >&5
configure:3538: $? = 0
configure:3559: result: o
configure:3563: checking whether we are using the GNU C compiler
configure:3582: gcc -c   conftest.c >&5
configure:3582: $? = 0
configure:3591: result: yes
configure:3600: checking whether gcc accepts -g
configure:3620: gcc -c -g  conftest.c >&5
configure:3620: $? = 0
configure:3661: result: yes
configure:3678: checking for gcc option to accept ISO C89
configure:3741: gcc  -c -g -O2  conftest.c >&5
configure:3741: $? = 0
configure:3754: result: none needed
configure:3779: checking whether gcc understands -c and -o together
configure:3801: gcc -c conftest.c -o conftest2.o
configure:3804: $? = 0
configure:3801: gcc -c conftest.c -o conftest2.o
configure:3804: $? = 0
configure:3816: result: yes
configure:3835: checking dependency style of gcc
configure:3946: result: gcc3
configure:4011: checking for ar
configure:4027: found /usr/bin/ar
configure:4038: result: ar
configure:4064: checking the archiver (ar) interface
configure:4080: gcc -c -g -O2  conftest.c >&5
configure:4080: $? = 0
configure:4082: ar cru libconftest.a conftest.o >&5
configure:4085: $? = 0
configure:4113: result: ar
configure:4185: checking for gcc
configure:4212: result: gcc
configure:4441: checking for C compiler version
configure:4450: gcc --version >&5
Apple clang version 13.0.0 (clang-1300.0.29.30)
Target: x86_64-apple-darwin21.2.0
Thread model: posix
InstalledDir: /Applications/Xcode.app/Contents/Developer/Toolchains/XcodeDefault.xctoolchain/usr/bin
Configured with: --prefix=/Applications/Xcode.app/Contents/Developer/usr --with-gxx-include-dir=/Applications/Xcode.app/Contents/Developer/Platforms/MacOSX.platform/Developer/SDKs/MacOSX.sdk/usr/include/c++/4.2.1
configure:4461: $? = 0
configure:4450: gcc -v >&5
Configured with: --prefix=/Applications/Xcode.app/Contents/Developer/usr --with-gxx-include-dir=/Applications/Xcode.app/Contents/Developer/Platforms/MacOSX.platform/Developer/SDKs/MacOSX.sdk/usr/include/c++/4.2.1
Apple clang version 13.0.0 (clang-1300.0.29.30)
Target: x86_64-apple-darwin21.2.0
Thread model: posix
InstalledDir: /Applications/Xcode.app/Contents/Developer/Toolchains/XcodeDefault.xctoolchain/usr/bin
configure:4461: $? = 0
configure:4450: gcc -V >&5
clang: error: argument to '-V' is missing (expected 1 value)
clang: error: no input files
configure:4461: $? = 1
configure:4450: gcc -qversion >&5
clang: error: unknown argument '-qversion'; did you mean '--version'?
clang: error: no input files
configure:4461: $? = 1
configure:4465: checking whether we are using the GNU C compiler
configure:4493: result: yes
configure:4502: checking whether gcc accepts -g
configure:4563: result: yes
configure:4580: checking for gcc option to accept ISO C89
configure:4656: result: none needed
configure:4681: checking whether gcc understands -c and -o together
configure:4718: result: yes
configure:4737: checking dependency style of gcc
configure:4848: result: gcc3
configure:4921: checking for g++
configure:4937: found /usr/bin/g++
configure:4948: result: g++
configure:4975: checking for C++ compiler version
configure:4984: g++ --version >&5
Apple clang version 13.0.0 (clang-1300.0.29.30)
Target: x86_64-apple-darwin21.2.0
Thread model: posix
InstalledDir: /Applications/Xcode.app/Contents/Developer/Toolchains/XcodeDefault.xctoolchain/usr/bin
Configured with: --prefix=/Applications/Xcode.app/Contents/Developer/usr --with-gxx-include-dir=/Applications/Xcode.app/Contents/Developer/Platforms/MacOSX.platform/Developer/SDKs/MacOSX.sdk/usr/include/c++/4.2.1
configure:4995: $? = 0
configure:4984: g++ -v >&5
Configured with: --prefix=/Applications/Xcode.app/Contents/Developer/usr --with-gxx-include-dir=/Applications/Xcode.app/Contents/Developer/Platforms/MacOSX.platform/Developer/SDKs/MacOSX.sdk/usr/include/c++/4.2.1
Apple clang version 13.0.0 (clang-1300.0.29.30)
Target: x86_64-apple-darwin21.2.0
Thread model: posix
InstalledDir: /Applications/Xcode.app/Contents/Developer/Toolchains/XcodeDefault.xctoolchain/usr/bin
configure:4995: $? = 0
configure:4984: g++ -V >&5
clang: error: argument to '-V' is missing (expected 1 value)
clang: error: no input files
configure:4995: $? = 1
configure:4984: g++ -qversion >&5
clang: error: unknown argument '-qversion'; did you mean '--version'?
clang: error: no input files
configure:4995: $? = 1
configure:4999: checking whether we are using the GNU C++ compiler
configure:5018: g++ -c   conftest.cpp >&5
configure:5018: $? = 0
configure:5027: result: yes
configure:5036: checking whether g++ accepts -g
configure:5056: g++ -c -g  conftest.cpp >&5
configure:5056: $? = 0
configure:5097: result: yes
configure:5122: checking dependency style of g++
configure:5233: result: gcc3
configure:5291: checking build system type
configure:5305: result: x86_64-apple-darwin21.2.0
configure:5325: checking host system type
configure:5338: result: x86_64-apple-darwin21.2.0
configure:5379: checking how to print strings
configure:5406: result: printf
configure:5427: checking for a sed that does not truncate output
configure:5491: result: /usr/bin/sed
configure:5509: checking for grep that handles long lines and -e
configure:5567: result: /usr/bin/grep
configure:5572: checking for egrep
configure:5634: result: /usr/bin/grep -E
configure:5639: checking for fgrep
configure:5701: result: /usr/bin/grep -F
configure:5736: checking for ld used by gcc
configure:5803: result: /Applications/Xcode.app/Contents/Developer/Toolchains/XcodeDefault.xctoolchain/usr/bin/ld
configure:5810: checking if the linker (/Applications/Xcode.app/Contents/Developer/Toolchains/XcodeDefault.xctoolchain/usr/bin/ld) is GNU ld
configure:5825: result: no
configure:5837: checking for BSD- or MS-compatible name lister (nm)
configure:5891: result: /usr/bin/nm -B
configure:6021: checking the name lister (/usr/bin/nm -B) interface
configure:6028: g++ -c -g -O2  conftest.cpp >&5
configure:6031: /usr/bin/nm -B "conftest.o"
configure:6034: output
000000000000026c S _some_variable
configure:6041: result: BSD nm
configure:6044: checking whether ln -s works
configure:6048: result: yes
configure:6056: checking the maximum length of command line arguments
configure:6187: result: 786432
configure:6235: checking how to convert x86_64-apple-darwin21.2.0 file names to x86_64-apple-darwin21.2.0 format
configure:6275: result: func_convert_file_noop
configure:6282: checking how to convert x86_64-apple-darwin21.2.0 file names to toolchain format
configure:6302: result: func_convert_file_noop
configure:6309: checking for /Applications/Xcode.app/Contents/Developer/Toolchains/XcodeDefault.xctoolchain/usr/bin/ld option to reload object files
configure:6316: result: -r
configure:6390: checking for objdump
configure:6406: found /usr/bin/objdump
configure:6417: result: objdump
configure:6449: checking how to recognize dependent libraries
configure:6649: result: pass_all
configure:6734: checking for dlltool
configure:6764: result: no
configure:6794: checking how to associate runtime and link libraries
configure:6821: result: printf %s\n
configure:6946: checking for archiver @FILE support
configure:6963: g++ -c -g -O2  conftest.cpp >&5
configure:6963: $? = 0
configure:6966: ar cru libconftest.a @conftest.lst >&5
ar: @conftest.lst: No such file or directory
configure:6969: $? = 1
configure:6989: result: no
configure:7047: checking for strip
configure:7063: found /usr/bin/strip
configure:7074: result: strip
configure:7146: checking for ranlib
configure:7162: found /usr/bin/ranlib
configure:7173: result: ranlib
configure:7275: checking command to parse /usr/bin/nm -B output from gcc object
configure:7428: g++ -c -g -O2  conftest.cpp >&5
configure:7431: $? = 0
configure:7435: /usr/bin/nm -B conftest.o \| sed -n -e 's/^.*[ ]\([BCDEGRST][BCDEGRST]*\)[ ][ ]*\([_A-Za-z][_A-Za-z0-9]*\)$/\1 \2 \2/p' | sed '/ __gnu_lto/d' \> conftest.nm
configure:7438: $? = 0
cannot find nm_test_var in conftest.nm
configure:7428: g++ -c -g -O2  conftest.cpp >&5
configure:7431: $? = 0
configure:7435: /usr/bin/nm -B conftest.o \| sed -n -e 's/^.*[ ]\([BCDEGRST][BCDEGRST]*\)[ ][ ]*_\([_A-Za-z][_A-Za-z0-9]*\)$/\1 _\2 \2/p' | sed '/ __gnu_lto/d' \> conftest.nm
configure:7438: $? = 0
configure:7504: g++ -o conftest -g -O2   conftest.cpp conftstm.o >&5
configure:7507: $? = 0
configure:7545: result: ok
configure:7592: checking for sysroot
configure:7622: result: no
configure:7629: checking for a working dd
configure:7667: result: /bin/dd
configure:7671: checking how to truncate binary pipes
configure:7686: result: /bin/dd bs=4096 count=1
configure:8015: checking for mt
configure:8045: result: no
configure:8065: checking if : is a manifest tool
configure:8071: : '-?'
configure:8079: result: no
configure:8135: checking for dsymutil
configure:8151: found /usr/bin/dsymutil
configure:8162: result: dsymutil
configure:8227: checking for nmedit
configure:8243: found /usr/bin/nmedit
configure:8254: result: nmedit
configure:8319: checking for lipo
configure:8335: found /usr/bin/lipo
configure:8346: result: lipo
configure:8411: checking for otool
configure:8427: found /usr/bin/otool
configure:8438: result: otool
configure:8503: checking for otool64
configure:8533: result: no
configure:8578: checking for -single_module linker flag
gcc -g -O2  -o libconftest.dylib -dynamiclib -Wl,-single_module conftest.c
configure:8611: result: yes
configure:8614: checking for -exported_symbols_list linker flag
configure:8634: g++ -o conftest -g -O2   -Wl,-exported_symbols_list,conftest.sym conftest.cpp  >&5
configure:8634: $? = 0
configure:8644: result: yes
configure:8647: checking for -force_load linker flag
gcc -g -O2 -c -o conftest.o conftest.c
ar cru libconftest.a conftest.o
ranlib libconftest.a
gcc -g -O2  -o conftest conftest.c -Wl,-force_load,./libconftest.a
configure:8679: result: yes
configure:8756: checking how to run the C preprocessor
configure:8787: gcc -E  conftest.c
configure:8787: $? = 0
configure:8801: gcc -E  conftest.c
conftest.c:11:10: fatal error: 'ac_nonexistent.h' file not found
#include <ac_nonexistent.h>
         ^~~~~~~~~~~~~~~~~~
1 error generated.
configure:8801: $? = 1
configure: failed program was:
| /* confdefs.h */
| #define PACKAGE_NAME "shapelib"
| #define PACKAGE_TARNAME "shapelib"
| #define PACKAGE_VERSION "1.5.0"
| #define PACKAGE_STRING "shapelib 1.5.0"
| #define PACKAGE_BUGREPORT ""
| #define PACKAGE_URL ""
| #define PACKAGE "shapelib"
| #define VERSION "1.5.0"
| /* end confdefs.h.  */
| #include <ac_nonexistent.h>
configure:8826: result: gcc -E
configure:8846: gcc -E  conftest.c
configure:8846: $? = 0
configure:8860: gcc -E  conftest.c
conftest.c:11:10: fatal error: 'ac_nonexistent.h' file not found
#include <ac_nonexistent.h>
         ^~~~~~~~~~~~~~~~~~
1 error generated.
configure:8860: $? = 1
configure: failed program was:
| /* confdefs.h */
| #define PACKAGE_NAME "shapelib"
| #define PACKAGE_TARNAME "shapelib"
| #define PACKAGE_VERSION "1.5.0"
| #define PACKAGE_STRING "shapelib 1.5.0"
| #define PACKAGE_BUGREPORT ""
| #define PACKAGE_URL ""
| #define PACKAGE "shapelib"
| #define VERSION "1.5.0"
| /* end confdefs.h.  */
| #include <ac_nonexistent.h>
configure:8889: checking for ANSI C header files
configure:8909: gcc -c -g -O2  conftest.c >&5
configure:8909: $? = 0
configure:8982: gcc -o conftest -g -O2   conftest.c  >&5
configure:8982: $? = 0
configure:8982: ./conftest
configure:8982: $? = 0
configure:8993: result: yes
configure:9006: checking for sys/types.h
configure:9006: gcc -c -g -O2  conftest.c >&5
configure:9006: $? = 0
configure:9006: result: yes
configure:9006: checking for sys/stat.h
configure:9006: gcc -c -g -O2  conftest.c >&5
configure:9006: $? = 0
configure:9006: result: yes
configure:9006: checking for stdlib.h
configure:9006: gcc -c -g -O2  conftest.c >&5
configure:9006: $? = 0
configure:9006: result: yes
configure:9006: checking for string.h
configure:9006: gcc -c -g -O2  conftest.c >&5
configure:9006: $? = 0
configure:9006: result: yes
configure:9006: checking for memory.h
configure:9006: gcc -c -g -O2  conftest.c >&5
configure:9006: $? = 0
configure:9006: result: yes
configure:9006: checking for strings.h
configure:9006: gcc -c -g -O2  conftest.c >&5
configure:9006: $? = 0
configure:9006: result: yes
configure:9006: checking for inttypes.h
configure:9006: gcc -c -g -O2  conftest.c >&5
configure:9006: $? = 0
configure:9006: result: yes
configure:9006: checking for stdint.h
configure:9006: gcc -c -g -O2  conftest.c >&5
configure:9006: $? = 0
configure:9006: result: yes
configure:9006: checking for unistd.h
configure:9006: gcc -c -g -O2  conftest.c >&5
configure:9006: $? = 0
configure:9006: result: yes
configure:9020: checking for dlfcn.h
configure:9020: gcc -c -g -O2  conftest.c >&5
configure:9020: $? = 0
configure:9020: result: yes
configure:9286: checking for objdir
configure:9301: result: .libs
configure:9565: checking if gcc supports -fno-rtti -fno-exceptions
configure:9583: gcc -c -g -O2  -fno-rtti -fno-exceptions conftest.c >&5
configure:9587: $? = 0
configure:9600: result: yes
configure:9958: checking for gcc option to produce PIC
configure:9965: result: -fno-common -DPIC
configure:9973: checking if gcc PIC flag -fno-common -DPIC works
configure:9991: gcc -c -g -O2  -fno-common -DPIC -DPIC conftest.c >&5
configure:9995: $? = 0
configure:10008: result: yes
configure:10037: checking if gcc static flag -static works
configure:10065: result: no
configure:10080: checking if gcc supports -c -o file.o
configure:10101: gcc -c -g -O2  -o out/conftest2.o conftest.c >&5
configure:10105: $? = 0
configure:10127: result: yes
configure:10135: checking if gcc supports -c -o file.o
configure:10182: result: yes
configure:10215: checking whether the gcc linker (/Applications/Xcode.app/Contents/Developer/Toolchains/XcodeDefault.xctoolchain/usr/bin/ld) supports shared libraries
configure:11478: result: yes
configure:11718: checking dynamic linker characteristics
configure:12548: result: darwin21.2.0 dyld
configure:12670: checking how to hardcode library paths into programs
configure:12695: result: immediate
configure:13243: checking whether stripping libraries is possible
configure:13257: result: yes
configure:13283: checking if libtool supports shared libraries
configure:13285: result: yes
configure:13288: checking whether to build shared libraries
configure:13313: result: yes
configure:13316: checking whether to build static libraries
configure:13320: result: yes
configure:13343: checking how to run the C++ preprocessor
configure:13370: g++ -E  conftest.cpp
configure:13370: $? = 0
configure:13384: g++ -E  conftest.cpp
conftest.cpp:23:10: fatal error: 'ac_nonexistent.h' file not found
#include <ac_nonexistent.h>
         ^~~~~~~~~~~~~~~~~~
1 error generated.
configure:13384: $? = 1
configure: failed program was:
| /* confdefs.h */
| #define PACKAGE_NAME "shapelib"
| #define PACKAGE_TARNAME "shapelib"
| #define PACKAGE_VERSION "1.5.0"
| #define PACKAGE_STRING "shapelib 1.5.0"
| #define PACKAGE_BUGREPORT ""
| #define PACKAGE_URL ""
| #define PACKAGE "shapelib"
| #define VERSION "1.5.0"
| #define STDC_HEADERS 1
| #define HAVE_SYS_TYPES_H 1
| #define HAVE_SYS_STAT_H 1
| #define HAVE_STDLIB_H 1
| #define HAVE_STRING_H 1
| #define HAVE_MEMORY_H 1
| #define HAVE_STRINGS_H 1
| #define HAVE_INTTYPES_H 1
| #define HAVE_STDINT_H 1
| #define HAVE_UNISTD_H 1
| #define HAVE_DLFCN_H 1
| #define LT_OBJDIR ".libs/"
| /* end confdefs.h.  */
| #include <ac_nonexistent.h>
configure:13409: result: g++ -E
configure:13429: g++ -E  conftest.cpp
configure:13429: $? = 0
configure:13443: g++ -E  conftest.cpp
conftest.cpp:23:10: fatal error: 'ac_nonexistent.h' file not found
#include <ac_nonexistent.h>
         ^~~~~~~~~~~~~~~~~~
1 error generated.
configure:13443: $? = 1
configure: failed program was:
| /* confdefs.h */
| #define PACKAGE_NAME "shapelib"
| #define PACKAGE_TARNAME "shapelib"
| #define PACKAGE_VERSION "1.5.0"
| #define PACKAGE_STRING "shapelib 1.5.0"
| #define PACKAGE_BUGREPORT ""
| #define PACKAGE_URL ""
| #define PACKAGE "shapelib"
| #define VERSION "1.5.0"
| #define STDC_HEADERS 1
| #define HAVE_SYS_TYPES_H 1
| #define HAVE_SYS_STAT_H 1
| #define HAVE_STDLIB_H 1
| #define HAVE_STRING_H 1
| #define HAVE_MEMORY_H 1
| #define HAVE_STRINGS_H 1
| #define HAVE_INTTYPES_H 1
| #define HAVE_STDINT_H 1
| #define HAVE_UNISTD_H 1
| #define HAVE_DLFCN_H 1
| #define LT_OBJDIR ".libs/"
| /* end confdefs.h.  */
| #include <ac_nonexistent.h>
configure:13605: checking for ld used by g++
configure:13672: result: /Applications/Xcode.app/Contents/Developer/Toolchains/XcodeDefault.xctoolchain/usr/bin/ld
configure:13679: checking if the linker (/Applications/Xcode.app/Contents/Developer/Toolchains/XcodeDefault.xctoolchain/usr/bin/ld) is GNU ld
configure:13694: result: no
configure:13749: checking whether the g++ linker (/Applications/Xcode.app/Contents/Developer/Toolchains/XcodeDefault.xctoolchain/usr/bin/ld) supports shared libraries
configure:14822: result: yes
configure:14858: g++ -c -g -O2  conftest.cpp >&5
configure:14861: $? = 0
configure:15342: checking for g++ option to produce PIC
configure:15349: result: -fno-common -DPIC
configure:15357: checking if g++ PIC flag -fno-common -DPIC works
configure:15375: g++ -c -g -O2  -fno-common -DPIC -DPIC conftest.cpp >&5
configure:15379: $? = 0
configure:15392: result: yes
configure:15415: checking if g++ static flag -static works
configure:15443: result: no
configure:15455: checking if g++ supports -c -o file.o
configure:15476: g++ -c -g -O2  -o out/conftest2.o conftest.cpp >&5
configure:15480: $? = 0
configure:15502: result: yes
configure:15507: checking if g++ supports -c -o file.o
configure:15554: result: yes
configure:15584: checking whether the g++ linker (/Applications/Xcode.app/Contents/Developer/Toolchains/XcodeDefault.xctoolchain/usr/bin/ld) supports shared libraries
configure:15627: result: yes
configure:15768: checking dynamic linker characteristics
configure:16525: result: darwin21.2.0 dyld
configure:16590: checking how to hardcode library paths into programs
configure:16615: result: immediate
configure:16678: checking for floor in -lm
configure:16703: g++ -o conftest -g -O2   conftest.cpp -lm   >&5
configure:16703: $? = 0
configure:16712: result: yes
configure:16720: checking for some Win32 platform
configure:16730: result: no
configure:16894: checking that generated files are newer than configure
configure:16900: result: done
configure:16935: creating ./config.status

## ---------------------- ##
## Running config.status. ##
## ---------------------- ##

This file was extended by shapelib config.status 1.5.0, which was
generated by GNU Autoconf 2.69.  Invocation command line was

  CONFIG_FILES    = 
  CONFIG_HEADERS  = 
  CONFIG_LINKS    = 
  CONFIG_COMMANDS = 
  $ ./config.status 

on iPro-von-test.obcsystems.de

config.status:1072: creating Makefile
config.status:1072: creating contrib/Makefile
config.status:1072: creating shapelib.pc
config.status:1244: executing depfiles commands
config.status:1244: executing libtool commands

## ---------------- ##
## Cache variables. ##
## ---------------- ##

ac_cv_build=x86_64-apple-darwin21.2.0
ac_cv_c_compiler_gnu=yes
ac_cv_cxx_compiler_gnu=yes
ac_cv_env_CCC_set=
ac_cv_env_CCC_value=
ac_cv_env_CC_set=
ac_cv_env_CC_value=
ac_cv_env_CFLAGS_set=
ac_cv_env_CFLAGS_value=
ac_cv_env_CPPFLAGS_set=
ac_cv_env_CPPFLAGS_value=
ac_cv_env_CPP_set=
ac_cv_env_CPP_value=
ac_cv_env_CXXCPP_set=
ac_cv_env_CXXCPP_value=
ac_cv_env_CXXFLAGS_set=
ac_cv_env_CXXFLAGS_value=
ac_cv_env_CXX_set=
ac_cv_env_CXX_value=
ac_cv_env_LDFLAGS_set=
ac_cv_env_LDFLAGS_value=
ac_cv_env_LIBS_set=
ac_cv_env_LIBS_value=
ac_cv_env_LT_SYS_LIBRARY_PATH_set=
ac_cv_env_LT_SYS_LIBRARY_PATH_value=
ac_cv_env_build_alias_set=
ac_cv_env_build_alias_value=
ac_cv_env_host_alias_set=
ac_cv_env_host_alias_value=
ac_cv_env_target_alias_set=
ac_cv_env_target_alias_value=
ac_cv_header_dlfcn_h=yes
ac_cv_header_inttypes_h=yes
ac_cv_header_memory_h=yes
ac_cv_header_stdc=yes
ac_cv_header_stdint_h=yes
ac_cv_header_stdlib_h=yes
ac_cv_header_string_h=yes
ac_cv_header_strings_h=yes
ac_cv_header_sys_stat_h=yes
ac_cv_header_sys_types_h=yes
ac_cv_header_unistd_h=yes
ac_cv_host=x86_64-apple-darwin21.2.0
ac_cv_lib_m_floor=yes
ac_cv_objext=o
ac_cv_path_EGREP='/usr/bin/grep -E'
ac_cv_path_FGREP='/usr/bin/grep -F'
ac_cv_path_GREP=/usr/bin/grep
ac_cv_path_SED=/usr/bin/sed
ac_cv_path_install='/usr/bin/install -c'
ac_cv_path_lt_DD=/bin/dd
ac_cv_prog_AWK=awk
ac_cv_prog_CPP='gcc -E'
ac_cv_prog_CXXCPP='g++ -E'
ac_cv_prog_ac_ct_AR=ar
ac_cv_prog_ac_ct_CC=gcc
ac_cv_prog_ac_ct_CXX=g++
ac_cv_prog_ac_ct_DSYMUTIL=dsymutil
ac_cv_prog_ac_ct_LIPO=lipo
ac_cv_prog_ac_ct_NMEDIT=nmedit
ac_cv_prog_ac_ct_OBJDUMP=objdump
ac_cv_prog_ac_ct_OTOOL=otool
ac_cv_prog_ac_ct_RANLIB=ranlib
ac_cv_prog_ac_ct_STRIP=strip
ac_cv_prog_cc_c89=
ac_cv_prog_cc_g=yes
ac_cv_prog_cxx_g=yes
ac_cv_prog_make_make_set=yes
am_cv_CC_dependencies_compiler_type=gcc3
am_cv_CXX_dependencies_compiler_type=gcc3
am_cv_ar_interface=ar
am_cv_make_support_nested_variables=yes
am_cv_prog_cc_c_o=yes
lt_cv_apple_cc_single_mod=yes
lt_cv_ar_at_file=no
lt_cv_deplibs_check_method=pass_all
lt_cv_file_magic_cmd='$MAGIC_CMD'
lt_cv_file_magic_test_file=
lt_cv_ld_exported_symbols_list=yes
lt_cv_ld_force_load=yes
lt_cv_ld_reload_flag=-r
lt_cv_nm_interface='BSD nm'
lt_cv_objdir=.libs
lt_cv_path_LD=/Applications/Xcode.app/Contents/Developer/Toolchains/XcodeDefault.xctoolchain/usr/bin/ld
lt_cv_path_LDCXX=/Applications/Xcode.app/Contents/Developer/Toolchains/XcodeDefault.xctoolchain/usr/bin/ld
lt_cv_path_NM='/usr/bin/nm -B'
lt_cv_path_mainfest_tool=no
lt_cv_prog_compiler_c_o=yes
lt_cv_prog_compiler_c_o_CXX=yes
lt_cv_prog_compiler_pic='-fno-common -DPIC'
lt_cv_prog_compiler_pic_CXX='-fno-common -DPIC'
lt_cv_prog_compiler_pic_works=yes
lt_cv_prog_compiler_pic_works_CXX=yes
lt_cv_prog_compiler_rtti_exceptions=yes
lt_cv_prog_compiler_static_works=no
lt_cv_prog_compiler_static_works_CXX=no
lt_cv_prog_gnu_ld=no
lt_cv_prog_gnu_ldcxx=no
lt_cv_sharedlib_from_linklib_cmd='printf %s\n'
lt_cv_sys_global_symbol_pipe='sed -n -e '\''s/^.*[	 ]\([BCDEGRST][BCDEGRST]*\)[	 ][	 ]*_\([_A-Za-z][_A-Za-z0-9]*\)$/\1 _\2 \2/p'\'' | sed '\''/ __gnu_lto/d'\'''
lt_cv_sys_global_symbol_to_c_name_address='sed -n -e '\''s/^: \(.*\) .*$/  {"\1", (void *) 0},/p'\'' -e '\''s/^[BCDEGRST][BCDEGRST]* .* \(.*\)$/  {"\1", (void *) \&\1},/p'\'''
lt_cv_sys_global_symbol_to_c_name_address_lib_prefix='sed -n -e '\''s/^: \(.*\) .*$/  {"\1", (void *) 0},/p'\'' -e '\''s/^[BCDEGRST][BCDEGRST]* .* \(lib.*\)$/  {"\1", (void *) \&\1},/p'\'' -e '\''s/^[BCDEGRST][BCDEGRST]* .* \(.*\)$/  {"lib\1", (void *) \&\1},/p'\'''
lt_cv_sys_global_symbol_to_cdecl='sed -n -e '\''s/^T .* \(.*\)$/extern int \1();/p'\'' -e '\''s/^[BCDEGRST][BCDEGRST]* .* \(.*\)$/extern char \1;/p'\'''
lt_cv_sys_global_symbol_to_import=
lt_cv_sys_max_cmd_len=786432
lt_cv_to_host_file_cmd=func_convert_file_noop
lt_cv_to_tool_file_cmd=func_convert_file_noop
lt_cv_truncate_bin='/bin/dd bs=4096 count=1'

## ----------------- ##
## Output variables. ##
## ----------------- ##

ACLOCAL='${SHELL} /Volumes/Data/Users/olf/navitios/navit/ZoneDetect/shapelib-1.5.0/missing aclocal-1.15'
AMDEPBACKSLASH='\'
AMDEP_FALSE='#'
AMDEP_TRUE=''
AMTAR='$${TAR-tar}'
AM_BACKSLASH='\'
AM_DEFAULT_V='$(AM_DEFAULT_VERBOSITY)'
AM_DEFAULT_VERBOSITY='0'
AM_V='$(V)'
AR='ar'
AUTOCONF='${SHELL} /Volumes/Data/Users/olf/navitios/navit/ZoneDetect/shapelib-1.5.0/missing autoconf'
AUTOHEADER='${SHELL} /Volumes/Data/Users/olf/navitios/navit/ZoneDetect/shapelib-1.5.0/missing autoheader'
AUTOMAKE='${SHELL} /Volumes/Data/Users/olf/navitios/navit/ZoneDetect/shapelib-1.5.0/missing automake-1.15'
AWK='awk'
CC='gcc'
CCDEPMODE='depmode=gcc3'
CFLAGS='-g -O2'
CPP='gcc -E'
CPPFLAGS=''
CXX='g++'
CXXCPP='g++ -E'
CXXDEPMODE='depmode=gcc3'
CXXFLAGS='-g -O2'
CYGPATH_W='echo'
DEFS='-DPACKAGE_NAME=\"shapelib\" -DPACKAGE_TARNAME=\"shapelib\" -DPACKAGE_VERSION=\"1.5.0\" -DPACKAGE_STRING=\"shapelib\ 1.5.0\" -DPACKAGE_BUGREPORT=\"\" -DPACKAGE_URL=\"\" -DPACKAGE=\"shapelib\" -DVERSION=\"1.5.0\" -DSTDC_HEADERS=1 -DHAVE_SYS_TYPES_H=1 -DHAVE_SYS_STAT_H=1 -DHAVE_STDLIB_H=1 -DHAVE_STRING_H=1 -DHAVE_MEMORY_H=1 -DHAVE_STRINGS_H=1 -DHAVE_INTTYPES_H=1 -DHAVE_STDINT_H=1 -DHAVE_UNISTD_H=1 -DHAVE_DLFCN_H=1 -DLT_OBJDIR=\".libs/\"'
DEPDIR='.deps'
DLLTOOL='false'
DSYMUTIL='dsymutil'
DUMPBIN=''
ECHO_C='\c'
ECHO_N=''
ECHO_T=''
EGREP='/usr/bin/grep -E'
EXEEXT=''
FGREP='/usr/bin/grep -F'
GREP='/usr/bin/grep'
INSTALL_DATA='${INSTALL} -m 644'
INSTALL_PROGRAM='${INSTALL}'
INSTALL_SCRIPT='${INSTALL}'
INSTALL_STRIP_PROGRAM='$(install_sh) -c -s'
LD='/Applications/Xcode.app/Contents/Developer/Toolchains/XcodeDefault.xctoolchain/usr/bin/ld'
LDFLAGS=''
LIBM='-lm'
LIBOBJS=''
LIBS=''
LIBTOOL='$(SHELL) $(top_builddir)/libtool'
LIPO='lipo'
LN_S='ln -s'
LTLIBOBJS=''
LT_SYS_LIBRARY_PATH=''
MAKEINFO='${SHELL} /Volumes/Data/Users/olf/navitios/navit/ZoneDetect/shapelib-1.5.0/missing makeinfo'
MANIFEST_TOOL=':'
MKDIR_P='./install-sh -c -d'
NM='/usr/bin/nm -B'
NMEDIT='nmedit'
OBJDUMP='objdump'
OBJEXT='o'
OTOOL64=':'
OTOOL='otool'
PACKAGE='shapelib'
PACKAGE_BUGREPORT=''
PACKAGE_NAME='shapelib'
PACKAGE_STRING='shapelib 1.5.0'
PACKAGE_TARNAME='shapelib'
PACKAGE_URL=''
PACKAGE_VERSION='1.5.0'
PATH_SEPARATOR=':'
PLATFORM_WIN32_FALSE=''
PLATFORM_WIN32_TRUE='#'
RANLIB='ranlib'
SED='/usr/bin/sed'
SET_MAKE=''
SHAPELIB_SO_VERSION='3:0:1'
SHELL='/bin/sh'
STRIP='strip'
VERSION='1.5.0'
ac_ct_AR='ar'
ac_ct_CC='gcc'
ac_ct_CXX='g++'
ac_ct_DUMPBIN=''
am__EXEEXT_FALSE=''
am__EXEEXT_TRUE='#'
am__fastdepCC_FALSE='#'
am__fastdepCC_TRUE=''
am__fastdepCXX_FALSE='#'
am__fastdepCXX_TRUE=''
am__include='include'
am__isrc=''
am__leading_dot='.'
am__nodep='_no'
am__quote=''
am__tar='$${TAR-tar} chof - "$$tardir"'
am__untar='$${TAR-tar} xf -'
bindir='${exec_prefix}/bin'
build='x86_64-apple-darwin21.2.0'
build_alias=''
build_cpu='x86_64'
build_os='darwin21.2.0'
build_vendor='apple'
datadir='${datarootdir}'
datarootdir='${prefix}/share'
docdir='${datarootdir}/doc/${PACKAGE_TARNAME}'
dvidir='${docdir}'
exec_prefix='${prefix}'
host='x86_64-apple-darwin21.2.0'
host_alias=''
host_cpu='x86_64'
host_os='darwin21.2.0'
host_vendor='apple'
htmldir='${docdir}'
includedir='${prefix}/include'
infodir='${datarootdir}/info'
install_sh='${SHELL} /Volumes/Data/Users/olf/navitios/navit/ZoneDetect/shapelib-1.5.0/install-sh'
libdir='${exec_prefix}/lib'
libexecdir='${exec_prefix}/libexec'
localedir='${datarootdir}/locale'
localstatedir='${prefix}/var'
mandir='${datarootdir}/man'
mkdir_p='$(MKDIR_P)'
oldincludedir='/usr/include'
pdfdir='${docdir}'
prefix='/usr/local'
program_transform_name='s,x,x,'
psdir='${docdir}'
runstatedir='${localstatedir}/run'
sbindir='${exec_prefix}/sbin'
sharedstatedir='${prefix}/com'
sysconfdir='${prefix}/etc'
target_alias=''

## ----------- ##
## confdefs.h. ##
## ----------- ##

/* confdefs.h */
#define PACKAGE_NAME "shapelib"
#define PACKAGE_TARNAME "shapelib"
#define PACKAGE_VERSION "1.5.0"
#define PACKAGE_STRING "shapelib 1.5.0"
#define PACKAGE_BUGREPORT ""
#define PACKAGE_URL ""
#define PACKAGE "shapelib"
#define VERSION "1.5.0"
#define STDC_HEADERS 1
#define HAVE_SYS_TYPES_H 1
#define HAVE_SYS_STAT_H 1
#define HAVE_STDLIB_H 1
#define HAVE_STRING_H 1
#define HAVE_MEMORY_H 1
#define HAVE_STRINGS_H 1
#define HAVE_INTTYPES_H 1
#define HAVE_STDINT_H 1
#define HAVE_UNISTD_H 1
#define HAVE_DLFCN_H 1
#define LT_OBJDIR ".libs/"

configure: exit 0
